<?xml version="1.0" encoding="UTF-8"?>
<!-- Generated by org.testng.reporters.JUnitReportReporter -->
<testsuite hostname="LAPTOP-NCNC6016" failures="0" tests="1" name="practice.AppiumBasics" time="7.019" errors="0" timestamp="2025-10-18T13:20:37 IST" skipped="0">
  <testcase classname="practice.AppiumBasics" name="wifiSettingName" time="7.019"/>
</testsuite> <!-- practice.AppiumBasics -->
