<?xml version="1.0" encoding="UTF-8"?>
<!-- Generated by org.testng.reporters.JUnitReportReporter -->
<testsuite hostname="LAPTOP-NCNC6016" failures="0" tests="1" name="practice.SwipeDemo" time="7.048" errors="0" timestamp="2025-10-18T18:42:05 IST" skipped="0">
  <testcase classname="practice.SwipeDemo" name="swipeDemo" time="7.048"/>
</testsuite> <!-- practice.SwipeDemo -->
