<?xml version="1.0" encoding="UTF-8"?>
<!-- Generated by org.testng.reporters.JUnitReportReporter -->
<testsuite hostname="LAPTOP-NCNC6016" failures="0" tests="1" name="practice.MiscellanousAppiumActions" time="12.271" errors="0" timestamp="2025-10-19T08:01:03 IST" skipped="0">
  <testcase classname="practice.MiscellanousAppiumActions" name="Misllenious" time="12.271"/>
</testsuite> <!-- practice.MiscellanousAppiumActions -->
