<?xml version="1.0" encoding="UTF-8"?>
<!-- Generated by org.testng.reporters.JUnitReportReporter -->
<testsuite hostname="LAPTOP-NCNC6016" failures="0" tests="1" name="practice.DragDropDemo" time="8.233" errors="0" timestamp="2025-10-18T18:59:47 IST" skipped="0">
  <testcase classname="practice.DragDropDemo" name="DragDropTest" time="8.233"/>
</testsuite> <!-- practice.DragDropDemo -->
