<?xml version="1.0" encoding="UTF-8"?>
<!-- Generated by org.testng.reporters.JUnitReportReporter -->
<testsuite hostname="LAPTOP-NCNC6016" failures="0" tests="1" name="practice.ScrollDemo" time="19.604" errors="0" timestamp="2025-10-18T18:11:05 IST" skipped="0">
  <testcase classname="practice.ScrollDemo" name="scrollDemoTest" time="19.604"/>
</testsuite> <!-- practice.ScrollDemo -->
